# JRE version: Java(TM) SE Runtime Environment (8.0_131-b11) (build 1.8.0_131-b11)
# Java VM: Java HotSpot(TM) Client VM (25.131-b11 mixed mode windows-x86 )
Heap:
 def new generation   total 9728K, used 580K [0x04800000, 0x05280000, 0x09d50000)
  eden space 8704K,   1% used [0x04800000, 0x04817588, 0x05080000)
  from space 1024K,  47% used [0x05180000, 0x051f9e38, 0x05280000)
  to   space 1024K,   0% used [0x05080000, 0x05080000, 0x05180000)
 tenured generation   total 21396K, used 12835K [0x09d50000, 0x0b235000, 0x14800000)
   the space 21396K,  59% used [0x09d50000, 0x0a9d8d08, 0x0a9d8e00, 0x0b235000)
 Metaspace       used 11061K, capacity 11308K, committed 11392K, reserved 11648K
GC Heap History (10 events):
Event: 765.289 GC heap before
{Heap before GC invocations=66 (full 15):
 def new generation   total 9216K, used 2944K [0x04800000, 0x05200000, 0x09d50000)
  eden space 8192K,  29% used [0x04800000, 0x04a63b48, 0x05000000)
  from space 1024K,  48% used [0x05100000, 0x0517c758, 0x05200000)
  to   space 1024K,   0% used [0x05000000, 0x05000000, 0x05100000)
 tenured generation   total 20396K, used 12236K [0x09d50000, 0x0b13b000, 0x14800000)
   the space 20396K,  59% used [0x09d50000, 0x0a943190, 0x0a943200, 0x0b13b000)
 Metaspace       used 11038K, capacity 11303K, committed 11392K, reserved 11648K
Event: 765.318 GC heap after
Heap after GC invocations=67 (full 16):
 def new generation   total 9344K, used 0K [0x04800000, 0x05220000, 0x09d50000)
  eden space 8320K,   0% used [0x04800000, 0x04800000, 0x05020000)
  from space 1024K,   0% used [0x05020000, 0x05020000, 0x05120000)
  to   space 1024K,   0% used [0x05120000, 0x05120000, 0x05220000)
 tenured generation   total 20692K, used 12413K [0x09d50000, 0x0b185000, 0x14800000)
   the space 20692K,  59% used [0x09d50000, 0x0a96f738, 0x0a96f800, 0x0b185000)
 Metaspace       used 11038K, capacity 11303K, committed 11392K, reserved 11648K
}
Event: 772.466 GC heap before
{Heap before GC invocations=67 (full 16):
 def new generation   total 9344K, used 8320K [0x04800000, 0x05220000, 0x09d50000)
  eden space 8320K, 100% used [0x04800000, 0x05020000, 0x05020000)
  from space 1024K,   0% used [0x05020000, 0x05020000, 0x05120000)
  to   space 1024K,   0% used [0x05120000, 0x05120000, 0x05220000)
 tenured generation   total 20692K, used 12413K [0x09d50000, 0x0b185000, 0x14800000)
   the space 20692K,  59% used [0x09d50000, 0x0a96f738, 0x0a96f800, 0x0b185000)
 Metaspace       used 11038K, capacity 11303K, committed 11392K, reserved 11648K
Event: 772.472 GC heap after
Heap after GC invocations=68 (full 16):
 def new generation   total 9344K, used 455K [0x04800000, 0x05220000, 0x09d50000)
  eden space 8320K,   0% used [0x04800000, 0x04800000, 0x05020000)
  from space 1024K,  44% used [0x05120000, 0x05191ef8, 0x05220000)
  to   space 1024K,   0% used [0x05020000, 0x05020000, 0x05120000)
 tenured generation   total 20692K, used 12413K [0x09d50000, 0x0b185000, 0x14800000)
   the space 20692K,  59% used [0x09d50000, 0x0a96f738, 0x0a96f800, 0x0b185000)
 Metaspace       used 11038K, capacity 11303K, committed 11392K, reserved 11648K
}
Event: 883.245 GC heap before
{Heap before GC invocations=68 (full 16):
 def new generation   total 9344K, used 8775K [0x04800000, 0x05220000, 0x09d50000)
  eden space 8320K, 100% used [0x04800000, 0x05020000, 0x05020000)
  from space 1024K,  44% used [0x05120000, 0x05191ef8, 0x05220000)
  to   space 1024K,   0% used [0x05020000, 0x05020000, 0x05120000)
 tenured generation   total 20692K, used 12413K [0x09d50000, 0x0b185000, 0x14800000)
   the space 20692K,  59% used [0x09d50000, 0x0a96f738, 0x0a96f800, 0x0b185000)
 Metaspace       used 11038K, capacity 11303K, committed 11392K, reserved 11648K
Event: 883.250 GC heap after
Heap after GC invocations=69 (full 16):
 def new generation   total 9344K, used 415K [0x04800000, 0x05220000, 0x09d50000)
  eden space 8320K,   0% used [0x04800000, 0x04800000, 0x05020000)
  from space 1024K,  40% used [0x05020000, 0x05087c80, 0x05120000)
  to   space 1024K,   0% used [0x05120000, 0x05120000, 0x05220000)
 tenured generation   total 20692K, used 12413K [0x09d50000, 0x0b185000, 0x14800000)
   the space 20692K,  59% used [0x09d50000, 0x0a96f738, 0x0a96f800, 0x0b185000)
 Metaspace       used 11038K, capacity 11303K, committed 11392K, reserved 11648K
}
Event: 983.975 GC heap before
{Heap before GC invocations=69 (full 16):
 def new generation   total 9344K, used 6872K [0x04800000, 0x05220000, 0x09d50000)
  eden space 8320K,  77% used [0x04800000, 0x04e4e388, 0x05020000)
  from space 1024K,  40% used [0x05020000, 0x05087c80, 0x05120000)
  to   space 1024K,   0% used [0x05120000, 0x05120000, 0x05220000)
 tenured generation   total 20692K, used 12413K [0x09d50000, 0x0b185000, 0x14800000)
   the space 20692K,  59% used [0x09d50000, 0x0a96f738, 0x0a96f800, 0x0b185000)
 Metaspace       used 11058K, capacity 11305K, committed 11392K, reserved 11648K
Event: 984.005 GC heap after
Heap after GC invocations=70 (full 17):
 def new generation   total 9728K, used 0K [0x04800000, 0x05280000, 0x09d50000)
  eden space 8704K,   0% used [0x04800000, 0x04800000, 0x05080000)
  from space 1024K,   0% used [0x05080000, 0x05080000, 0x05180000)
  to   space 1024K,   0% used [0x05180000, 0x05180000, 0x05280000)
 tenured generation   total 21396K, used 12835K [0x09d50000, 0x0b235000, 0x14800000)
   the space 21396K,  59% used [0x09d50000, 0x0a9d8d08, 0x0a9d8e00, 0x0b235000)
 Metaspace       used 11058K, capacity 11305K, committed 11392K, reserved 11648K
}
Event: 1019.722 GC heap before
{Heap before GC invocations=70 (full 17):
 def new generation   total 9728K, used 8704K [0x04800000, 0x05280000, 0x09d50000)
  eden space 8704K, 100% used [0x04800000, 0x05080000, 0x05080000)
  from space 1024K,   0% used [0x05080000, 0x05080000, 0x05180000)
  to   space 1024K,   0% used [0x05180000, 0x05180000, 0x05280000)
 tenured generation   total 21396K, used 12835K [0x09d50000, 0x0b235000, 0x14800000)
   the space 21396K,  59% used [0x09d50000, 0x0a9d8d08, 0x0a9d8e00, 0x0b235000)
 Metaspace       used 11061K, capacity 11308K, committed 11392K, reserved 11648K
Event: 1019.728 GC heap after
Heap after GC invocations=71 (full 17):
 def new generation   total 9728K, used 487K [0x04800000, 0x05280000, 0x09d50000)
  eden space 8704K,   0% used [0x04800000, 0x04800000, 0x05080000)
  from space 1024K,  47% used [0x05180000, 0x051f9e38, 0x05280000)
  to   space 1024K,   0% used [0x05080000, 0x05080000, 0x05180000)
 tenured generation   total 21396K, used 12835K [0x09d50000, 0x0b235000, 0x14800000)
   the space 21396K,  59% used [0x09d50000, 0x0a9d8d08, 0x0a9d8e00, 0x0b235000)
 Metaspace       used 11061K, capacity 11308K, committed 11392K, reserved 11648K
}

